This file contains any messages produced by compilers while
running configure, to aid debugging if configure makes a mistake.

It was created by configure, which was
generated by GNU Autoconf 2.69.  Invocation command line was

  $ ./configure --with-php-config=/usr/local/php/man/man1/php-config.1 -with-php-config=/usr/local/bin/php-config

## --------- ##
## Platform. ##
## --------- ##

hostname = localhost
uname -m = x86_64
uname -r = 15.0.0
uname -s = Darwin
uname -v = Darwin Kernel Version 15.0.0: Sat Sep 19 15:53:46 PDT 2015; root:xnu-3247.10.11~1/RELEASE_X86_64

/usr/bin/uname -p = i386
/bin/uname -X     = unknown

/bin/arch              = unknown
/usr/bin/arch -k       = unknown
/usr/convex/getsysinfo = unknown
/usr/bin/hostinfo      = Mach kernel version:
	 Darwin Kernel Version 15.0.0: Sat Sep 19 15:53:46 PDT 2015; root:xnu-3247.10.11~1/RELEASE_X86_64
Kernel configured for up to 4 processors.
2 processors are physically available.
4 processors are logically available.
Processor type: x86_64h (Intel x86-64h Haswell)
Processors active: 0 1 2 3
Primary memory available: 8.00 gigabytes
Default processor set: 271 tasks, 1367 threads, 4 processors
Load average: 1.54, Mach factor: 2.45
/bin/machine           = unknown
/usr/bin/oslevel       = unknown
/bin/universe          = unknown

PATH: /Users/didi/.rvm/gems/ruby-2.4.1/bin
PATH: /Users/didi/.rvm/gems/ruby-2.4.1@global/bin
PATH: /Users/didi/.rvm/rubies/ruby-2.4.1/bin
PATH: /Users/didi/CRClientTools/arcanist/bin
PATH: /usr/local/opt/bison/bin
PATH: /Users/didi/java/gradle/bin
PATH: /usr/local/opt/php@7.0/bin
PATH: /Users/didi/goLang/bin
PATH: /Users/didi/blog/jekyll
PATH: /Users/didi/pear/bin
PATH:  /usr/local/Cellar/curl/7.55.1/bin
PATH: /Users/didi/pig/pig/bin
PATH: /Users/didi/hbase/hbase/bin
PATH: /Users/didi/.rvm/rubies/ruby-2.4.1/bin
PATH: /usr/local/bin
PATH: /usr/bin
PATH: /bin
PATH: /usr/sbin
PATH: /sbin
PATH: /usr/local/go/bin
PATH: /usr/local/Cellar/gv/3.7.4
PATH: /Users/didi/goLang
PATH: /Users/didi/PhpstormProjects/go
PATH: /Users/didi/goLang/src/github.com/lantern/archive/bin
PATH: /usr/local/go/pkg/tool/darwin_amd64/
PATH: /usr/local/lib/python2.7/site-packages/
PATH: /Users/didi/jupyter/ticket/
PATH: /Users/didi/scala/bin
PATH: /Users/didi/spark/spark/bin
PATH: /Library/Internet Plug-Ins/JavaAppletPlugin.plugin/Contents/Home/bin
PATH: /Library/Java/JavaVirtualMachines/jdk1.8.0_144.jdk/Contents/Home//bin
PATH: /Users/didi/.composer/vendor/bin
PATH: /Users/didi/hadoop/hadoop/bin
PATH: /Users/didi/hadoop/hadoop/sbin
PATH: /Users/didi/hive/hive/bin
PATH: /Users/didi/hive/derby/bin
PATH: /Users/didi/maven/bin
PATH: /Users/didi/.rvm/bin
PATH: /Users/didi/goLang/FlameGraph


## ----------- ##
## Core tests. ##
## ----------- ##

configure:2302: checking for grep that handles long lines and -e
configure:2360: result: /usr/bin/grep
configure:2365: checking for egrep
configure:2427: result: /usr/bin/grep -E
configure:2432: checking for a sed that does not truncate output
configure:2486: result: /usr/bin/sed
configure:2625: checking for cc
configure:2641: found /usr/bin/cc
configure:2652: result: cc
configure:2683: checking for C compiler version
configure:2692: cc --version >&5
Apple LLVM version 7.3.0 (clang-703.0.31)
Target: x86_64-apple-darwin15.0.0
Thread model: posix
InstalledDir: /Library/Developer/CommandLineTools/usr/bin
configure:2703: $? = 0
configure:2692: cc -v >&5
Apple LLVM version 7.3.0 (clang-703.0.31)
Target: x86_64-apple-darwin15.0.0
Thread model: posix
InstalledDir: /Library/Developer/CommandLineTools/usr/bin
configure:2703: $? = 0
configure:2692: cc -V >&5
clang: error: argument to '-V' is missing (expected 1 value)
clang: error: no input files
configure:2703: $? = 1
configure:2692: cc -qversion >&5
clang: error: unknown argument: '-qversion'
clang: error: no input files
configure:2703: $? = 1
configure:2723: checking whether the C compiler works
configure:2745: cc    conftest.c  >&5
configure:2749: $? = 0
configure:2797: result: yes
configure:2800: checking for C compiler default output file name
configure:2802: result: a.out
configure:2808: checking for suffix of executables
configure:2815: cc -o conftest    conftest.c  >&5
configure:2819: $? = 0
configure:2841: result: 
configure:2863: checking whether we are cross compiling
configure:2871: cc -o conftest    conftest.c  >&5
configure:2875: $? = 0
configure:2882: ./conftest
configure:2886: $? = 0
configure:2901: result: no
configure:2906: checking for suffix of object files
configure:2928: cc -c   conftest.c >&5
configure:2932: $? = 0
configure:2953: result: o
configure:2957: checking whether we are using the GNU C compiler
configure:2976: cc -c   conftest.c >&5
configure:2976: $? = 0
configure:2985: result: yes
configure:2994: checking whether cc accepts -g
configure:3014: cc -c -g  conftest.c >&5
configure:3014: $? = 0
configure:3055: result: yes
configure:3072: checking for cc option to accept ISO C89
configure:3135: cc  -c -g -O2  conftest.c >&5
configure:3135: $? = 0
configure:3148: result: none needed
configure:3174: checking how to run the C preprocessor
configure:3205: cc -E  conftest.c
configure:3205: $? = 0
configure:3219: cc -E  conftest.c
conftest.c:9:10: fatal error: 'ac_nonexistent.h' file not found
#include <ac_nonexistent.h>
         ^
1 error generated.
configure:3219: $? = 1
configure: failed program was:
| /* confdefs.h */
| #define PACKAGE_NAME ""
| #define PACKAGE_TARNAME ""
| #define PACKAGE_VERSION ""
| #define PACKAGE_STRING ""
| #define PACKAGE_BUGREPORT ""
| #define PACKAGE_URL ""
| /* end confdefs.h.  */
| #include <ac_nonexistent.h>
configure:3244: result: cc -E
configure:3264: cc -E  conftest.c
configure:3264: $? = 0
configure:3278: cc -E  conftest.c
conftest.c:9:10: fatal error: 'ac_nonexistent.h' file not found
#include <ac_nonexistent.h>
         ^
1 error generated.
configure:3278: $? = 1
configure: failed program was:
| /* confdefs.h */
| #define PACKAGE_NAME ""
| #define PACKAGE_TARNAME ""
| #define PACKAGE_VERSION ""
| #define PACKAGE_STRING ""
| #define PACKAGE_BUGREPORT ""
| #define PACKAGE_URL ""
| /* end confdefs.h.  */
| #include <ac_nonexistent.h>
configure:3309: checking for icc
configure:3318: result: no
configure:3332: checking for suncc
configure:3341: result: no
configure:3359: checking whether cc understands -c and -o together
configure:3387: cc -c conftest.c -o conftest2.o >&5
configure:3391: $? = 0
configure:3397: cc -c conftest.c -o conftest2.o >&5
configure:3401: $? = 0
configure:3456: result: yes
configure:3470: checking for system library directory
configure:3485: result: lib
configure:3492: checking if compiler supports -R
configure:3511: cc -o conftest -g -O2   conftest.c -R /usr/lib  >&5
warning: unknown remark option '-R' [-Wunknown-warning-option]
1 warning generated.
ld: can't map file, errno=22 file '/usr/lib' for architecture x86_64
clang: error: linker command failed with exit code 1 (use -v to see invocation)
configure:3511: $? = 1
configure: failed program was:
| /* confdefs.h */
| #define PACKAGE_NAME ""
| #define PACKAGE_TARNAME ""
| #define PACKAGE_VERSION ""
| #define PACKAGE_STRING ""
| #define PACKAGE_BUGREPORT ""
| #define PACKAGE_URL ""
| /* end confdefs.h.  */
| 
| int
| main ()
| {
| 
|   ;
|   return 0;
| }
configure:3521: result: no
configure:3526: checking if compiler supports -Wl,-rpath,
configure:3545: cc -o conftest -g -O2   conftest.c -Wl,-rpath,/usr/lib  >&5
configure:3545: $? = 0
configure:3555: result: yes
configure:3600: checking build system type
configure:3614: result: x86_64-apple-darwin15.0.0
configure:3634: checking host system type
configure:3647: result: x86_64-apple-darwin15.0.0
configure:3667: checking target system type
configure:3680: result: x86_64-apple-darwin15.0.0
configure:3783: checking for PHP prefix
configure:3785: result: /usr/local
configure:3787: checking for PHP includes
configure:3789: result: -I/usr/local/include/php -I/usr/local/include/php/main -I/usr/local/include/php/TSRM -I/usr/local/include/php/Zend -I/usr/local/include/php/ext -I/usr/local/include/php/ext/date/lib
configure:3791: checking for PHP extension directory
configure:3793: result: /usr/local/lib/php/extensions/debug-non-zts-20160303
configure:3795: checking for PHP installed headers prefix
configure:3797: result: /usr/local/include/php
configure:3800: checking if debug is enabled
configure:3826: result: yes
configure:3829: checking if zts is enabled
configure:3855: result: no
configure:3926: checking for re2c
configure:3956: result: no
configure:3981: WARNING: You will need re2c 0.13.4 or later if you want to regenerate PHP parsers.
configure:3995: checking for gawk
configure:4026: result: no
configure:3995: checking for nawk
configure:4026: result: no
configure:3995: checking for awk
configure:4012: found /usr/bin/awk
configure:4023: result: awk
configure:4046: checking if awk is broken
configure:4053: result: no
configure:4067: checking for OpenSSL support
configure:4107: result: yes, shared
configure:4116: checking for Kerberos support
configure:4131: result: no
configure:4140: checking whether to use system default cipher list instead of hardcoded value
configure:4155: result: no
configure:4837: checking for RAND_egd
configure:4837: cc -o conftest -g  -O0   conftest.c  >&5
Undefined symbols for architecture x86_64:
  "_RAND_egd", referenced from:
      _main in conftest-07e6b5.o
ld: symbol(s) not found for architecture x86_64
clang: error: linker command failed with exit code 1 (use -v to see invocation)
configure:4837: $? = 1
configure: failed program was:
| /* confdefs.h */
| #define PACKAGE_NAME ""
| #define PACKAGE_TARNAME ""
| #define PACKAGE_VERSION ""
| #define PACKAGE_STRING ""
| #define PACKAGE_BUGREPORT ""
| #define PACKAGE_URL ""
| #define COMPILE_DL_OPENSSL 1
| /* end confdefs.h.  */
| /* Define RAND_egd to an innocuous variant, in case <limits.h> declares RAND_egd.
|    For example, HP-UX 11i <limits.h> declares gettimeofday.  */
| #define RAND_egd innocuous_RAND_egd
| 
| /* System header to define __stub macros and hopefully few prototypes,
|     which can conflict with char RAND_egd (); below.
|     Prefer <limits.h> to <assert.h> if __STDC__ is defined, since
|     <limits.h> exists even on freestanding compilers.  */
| 
| #ifdef __STDC__
| # include <limits.h>
| #else
| # include <assert.h>
| #endif
| 
| #undef RAND_egd
| 
| /* Override any GCC internal prototype to avoid an error.
|    Use char because int might match the return type of a GCC
|    builtin and then its argument prototype would still apply.  */
| #ifdef __cplusplus
| extern "C"
| #endif
| char RAND_egd ();
| /* The GNU C library defines this for functions which it implements
|     to always fail with ENOSYS.  Some functions are actually named
|     something starting with __ and the normal name is an alias.  */
| #if defined __stub_RAND_egd || defined __stub___RAND_egd
| choke me
| #endif
| 
| int
| main ()
| {
| return RAND_egd ();
|   ;
|   return 0;
| }
configure:4837: result: no
configure:4864: checking for pkg-config
configure:4895: result: no
configure:5076: checking for OpenSSL version
configure:5090: result: >= 1.0.1
configure:5231: checking for CRYPTO_free in -lcrypto
configure:5256: cc -o conftest -g  -O0  -Wl,-rpath,/usr/local/lib -L/usr/local/lib  conftest.c -lcrypto   >&5
configure:5256: $? = 0
configure:5265: result: yes
configure:5408: checking for SSL_CTX_set_ssl_version in -lssl
configure:5433: cc -o conftest -g  -O0  -Wl,-rpath,/usr/local/lib -L/usr/local/lib  conftest.c -lssl   -lcrypto >&5
configure:5433: $? = 0
configure:5442: result: yes
configure:5665: checking for ld used by cc
configure:5732: result: /Library/Developer/CommandLineTools/usr/bin/ld
configure:5739: checking if the linker (/Library/Developer/CommandLineTools/usr/bin/ld) is GNU ld
configure:5754: result: no
configure:5759: checking for /Library/Developer/CommandLineTools/usr/bin/ld option to reload object files
configure:5766: result: -r
configure:5784: checking for BSD-compatible nm
configure:5833: result: /usr/bin/nm -B
configure:5837: checking whether ln -s works
configure:5841: result: yes
configure:5848: checking how to recognize dependent libraries
configure:6034: result: pass_all
configure:6252: checking for ANSI C header files
configure:6272: cc -c -g  -O0  conftest.c >&5
configure:6272: $? = 0
configure:6345: cc -o conftest -g  -O0   conftest.c  >&5
configure:6345: $? = 0
configure:6345: ./conftest
configure:6345: $? = 0
configure:6356: result: yes
configure:6369: checking for sys/types.h
configure:6369: cc -c -g  -O0  conftest.c >&5
configure:6369: $? = 0
configure:6369: result: yes
configure:6369: checking for sys/stat.h
configure:6369: cc -c -g  -O0  conftest.c >&5
configure:6369: $? = 0
configure:6369: result: yes
configure:6369: checking for stdlib.h
configure:6369: cc -c -g  -O0  conftest.c >&5
configure:6369: $? = 0
configure:6369: result: yes
configure:6369: checking for string.h
configure:6369: cc -c -g  -O0  conftest.c >&5
configure:6369: $? = 0
configure:6369: result: yes
configure:6369: checking for memory.h
configure:6369: cc -c -g  -O0  conftest.c >&5
configure:6369: $? = 0
configure:6369: result: yes
configure:6369: checking for strings.h
configure:6369: cc -c -g  -O0  conftest.c >&5
configure:6369: $? = 0
configure:6369: result: yes
configure:6369: checking for inttypes.h
configure:6369: cc -c -g  -O0  conftest.c >&5
configure:6369: $? = 0
configure:6369: result: yes
configure:6369: checking for stdint.h
configure:6369: cc -c -g  -O0  conftest.c >&5
configure:6369: $? = 0
configure:6369: result: yes
configure:6369: checking for unistd.h
configure:6369: cc -c -g  -O0  conftest.c >&5
configure:6369: $? = 0
configure:6369: result: yes
configure:6383: checking dlfcn.h usability
configure:6383: cc -c -g  -O0  conftest.c >&5
configure:6383: $? = 0
configure:6383: result: yes
configure:6383: checking dlfcn.h presence
configure:6383: cc -E  conftest.c
configure:6383: $? = 0
configure:6383: result: yes
configure:6383: checking for dlfcn.h
configure:6383: result: yes
configure:6405: checking the maximum length of command line arguments
configure:6517: result: 196608
configure:6529: checking command to parse /usr/bin/nm -B output from cc object
configure:6634: cc -c -g  -O0  conftest.c >&5
configure:6637: $? = 0
configure:6641: /usr/bin/nm -B conftest.o \| sed -n -e 's/^.*[ 	]\([BCDEGRST][BCDEGRST]*\)[ 	][ 	]*\([_A-Za-z][_A-Za-z0-9]*\)$/\1 \2 \2/p' \> conftest.nm
configure:6644: $? = 0
cannot find nm_test_var in conftest.nm
configure:6634: cc -c -g  -O0  conftest.c >&5
configure:6637: $? = 0
configure:6641: /usr/bin/nm -B conftest.o \| sed -n -e 's/^.*[ 	]\([BCDEGRST][BCDEGRST]*\)[ 	][ 	]*_\([_A-Za-z][_A-Za-z0-9]*\)$/\1 _\2 \2/p' \> conftest.nm
configure:6644: $? = 0
configure:6696: cc -o conftest -g  -O0   conftest.c conftstm.o >&5
warning: (x86_64)  could not find object file symbol for symbol _main
configure:6699: $? = 0
configure:6737: result: ok
configure:6741: checking for objdir
configure:6756: result: .libs
configure:6848: checking for ar
configure:6864: found /usr/bin/ar
configure:6875: result: ar
configure:6940: checking for ranlib
configure:6956: found /usr/bin/ranlib
configure:6967: result: ranlib
configure:7032: checking for strip
configure:7048: found /usr/bin/strip
configure:7059: result: strip
configure:7312: checking for dsymutil
configure:7328: found /usr/bin/dsymutil
configure:7339: result: dsymutil
configure:7404: checking for nmedit
configure:7420: found /usr/bin/nmedit
configure:7431: result: nmedit
configure:7454: checking for -single_module linker flag
configure:7475: result: yes
configure:7477: checking for -exported_symbols_list linker flag
configure:7493: cc -o conftest -g  -O0   -Wl,-exported_symbols_list,conftest.sym conftest.c  >&5
configure:7496: $? = 0
configure:7510: result: yes
configure:7628: checking if cc supports -fno-rtti -fno-exceptions
configure:7645: cc -c -g  -O0  -fno-rtti -fno-exceptions conftest.c >&5
configure:7649: $? = 0
configure:7663: result: yes
configure:7678: checking for cc option to produce PIC
configure:7918: result: -fno-common
configure:7926: checking if cc PIC flag -fno-common works
configure:7943: cc -c -g  -O0  -fno-common -DPIC conftest.c >&5
configure:7947: $? = 0
configure:7961: result: yes
configure:7989: checking if cc static flag -static works
configure:8017: result: no
configure:8027: checking if cc supports -c -o file.o
configure:8047: cc -c -g  -O0  -o out/conftest2.o conftest.c >&5
configure:8051: $? = 0
configure:8074: result: yes
configure:8100: checking whether the cc linker (/Library/Developer/CommandLineTools/usr/bin/ld) supports shared libraries
configure:9028: result: yes
configure:9095: checking dynamic linker characteristics
configure:9693: result: darwin15.0.0 dyld
configure:9717: checking how to hardcode library paths into programs
configure:9742: result: immediate
configure:9756: checking whether stripping libraries is possible
configure:9770: result: yes
configure:10278: checking if libtool supports shared libraries
configure:10280: result: yes
configure:10283: checking whether to build shared libraries
configure:10304: result: yes
configure:10307: checking whether to build static libraries
configure:10311: result: no
configure:10406: result:
creating libtool
configure:14105: creating ./config.status

## ---------------------- ##
## Running config.status. ##
## ---------------------- ##

This file was extended by config.status, which was
generated by GNU Autoconf 2.69.  Invocation command line was

  CONFIG_FILES    = 
  CONFIG_HEADERS  = 
  CONFIG_LINKS    = 
  CONFIG_COMMANDS = 
  $ ./config.status 

on localhost

config.status:677: creating config.h

## ---------------- ##
## Cache variables. ##
## ---------------- ##

ac_cv_build=x86_64-apple-darwin15.0.0
ac_cv_c_compiler_gnu=yes
ac_cv_env_CC_set=
ac_cv_env_CC_value=
ac_cv_env_CFLAGS_set=
ac_cv_env_CFLAGS_value=
ac_cv_env_CPPFLAGS_set=
ac_cv_env_CPPFLAGS_value=
ac_cv_env_CPP_set=
ac_cv_env_CPP_value=
ac_cv_env_LDFLAGS_set=
ac_cv_env_LDFLAGS_value=
ac_cv_env_LIBS_set=
ac_cv_env_LIBS_value=
ac_cv_env_build_alias_set=
ac_cv_env_build_alias_value=
ac_cv_env_host_alias_set=
ac_cv_env_host_alias_value=
ac_cv_env_target_alias_set=
ac_cv_env_target_alias_value=
ac_cv_func_RAND_egd=no
ac_cv_header_dlfcn_h=yes
ac_cv_header_inttypes_h=yes
ac_cv_header_memory_h=yes
ac_cv_header_stdc=yes
ac_cv_header_stdint_h=yes
ac_cv_header_stdlib_h=yes
ac_cv_header_string_h=yes
ac_cv_header_strings_h=yes
ac_cv_header_sys_stat_h=yes
ac_cv_header_sys_types_h=yes
ac_cv_header_unistd_h=yes
ac_cv_host=x86_64-apple-darwin15.0.0
ac_cv_lib_crypto_CRYPTO_free=yes
ac_cv_lib_ssl_SSL_CTX_set_ssl_version=yes
ac_cv_objext=o
ac_cv_path_EGREP='/usr/bin/grep -E'
ac_cv_path_GREP=/usr/bin/grep
ac_cv_path_PKG_CONFIG=no
ac_cv_prog_AWK=awk
ac_cv_prog_CPP='cc -E'
ac_cv_prog_ac_ct_AR=ar
ac_cv_prog_ac_ct_CC=cc
ac_cv_prog_ac_ct_DSYMUTIL=dsymutil
ac_cv_prog_ac_ct_NMEDIT=nmedit
ac_cv_prog_ac_ct_RANLIB=ranlib
ac_cv_prog_ac_ct_STRIP=strip
ac_cv_prog_cc_c89=
ac_cv_prog_cc_cc_c_o=yes
ac_cv_prog_cc_g=yes
ac_cv_target=x86_64-apple-darwin15.0.0
lt_cv_apple_cc_single_mod=yes
lt_cv_deplibs_check_method=pass_all
lt_cv_file_magic_cmd='$MAGIC_CMD'
lt_cv_file_magic_test_file=
lt_cv_ld_exported_symbols_list=yes
lt_cv_ld_reload_flag=-r
lt_cv_objdir=.libs
lt_cv_path_LD=/Library/Developer/CommandLineTools/usr/bin/ld
lt_cv_path_NM='/usr/bin/nm -B'
lt_cv_path_SED=/usr/bin/sed
lt_cv_prog_compiler_c_o=yes
lt_cv_prog_compiler_pic_works=yes
lt_cv_prog_compiler_rtti_exceptions=yes
lt_cv_prog_compiler_static_works=no
lt_cv_prog_gnu_ld=no
lt_cv_sys_global_symbol_pipe='sed -n -e '\''s/^.*[ 	]\([BCDEGRST][BCDEGRST]*\)[ 	][ 	]*_\([_A-Za-z][_A-Za-z0-9]*\)$/\1 _\2 \2/p'\'''
lt_cv_sys_global_symbol_to_c_name_address='sed -n -e '\''s/^: \([^ ]*\) $/  {\"\1\", (lt_ptr) 0},/p'\'' -e '\''s/^[BCDEGRST] \([^ ]*\) \([^ ]*\)$/  {"\2", (lt_ptr) \&\2},/p'\'''
lt_cv_sys_global_symbol_to_cdecl='sed -n -e '\''s/^. .* \(.*\)$/extern int \1;/p'\'''
lt_cv_sys_lib_dlsearch_path_spec='/usr/local/lib /lib /usr/lib'
lt_cv_sys_lib_search_path_spec='/Library/Developer/CommandLineTools/usr/lib/clang/7.3.0 /usr/local/lib'
lt_cv_sys_max_cmd_len=196608
lt_lt_cv_prog_compiler_c_o='"yes"'
lt_lt_cv_sys_global_symbol_pipe='"sed -n -e '\''s/^.*[ 	]\\([BCDEGRST][BCDEGRST]*\\)[ 	][ 	]*_\\([_A-Za-z][_A-Za-z0-9]*\\)\$/\\1 _\\2 \\2/p'\''"'
lt_lt_cv_sys_global_symbol_to_c_name_address='"sed -n -e '\''s/^: \\([^ ]*\\) \$/  {\\\"\\1\\\", (lt_ptr) 0},/p'\'' -e '\''s/^[BCDEGRST] \\([^ ]*\\) \\([^ ]*\\)\$/  {\"\\2\", (lt_ptr) \\&\\2},/p'\''"'
lt_lt_cv_sys_global_symbol_to_cdecl='"sed -n -e '\''s/^. .* \\(.*\\)\$/extern int \\1;/p'\''"'
php_cv_cc_dashr=no
php_cv_cc_rpath=yes

## ----------------- ##
## Output variables. ##
## ----------------- ##

AR='ar'
AWK='awk'
CC='cc'
CFLAGS='-g  -O0'
CONFIGURE_COMMAND=' '\''./configure'\''  '\''--with-php-config=/usr/local/php/man/man1/php-config.1'\'' '\''-with-php-config=/usr/local/bin/php-config'\'''
CONFIGURE_OPTIONS=' '\''--with-php-config=/usr/local/php/man/man1/php-config.1'\'' '\''-with-php-config=/usr/local/bin/php-config'\'''
CPP='cc -E'
CPPFLAGS=' -DHAVE_CONFIG_H'
DEFS='-DHAVE_CONFIG_H'
DSYMUTIL='dsymutil'
ECHO='/bin/echo'
ECHO_C='\c'
ECHO_N=''
ECHO_T=''
EGREP='/usr/bin/grep -E'
EXEEXT=''
GREP='/usr/bin/grep'
KRB5_CONFIG=''
LDFLAGS=''
LIBOBJS=''
LIBS=''
LIBTOOL='$(SHELL) $(top_builddir)/libtool'
LN_S='ln -s'
LTLIBOBJS=''
NMEDIT='nmedit'
OBJEXT='o'
OPENSSL_INCDIR_OPT='-I/usr/local/include'
PACKAGE_BUGREPORT=''
PACKAGE_NAME=''
PACKAGE_STRING=''
PACKAGE_TARNAME=''
PACKAGE_URL=''
PACKAGE_VERSION=''
PATH_SEPARATOR=':'
PKG_CONFIG='no'
RANLIB='ranlib'
RE2C='exit 0;'
SED='/usr/bin/sed'
SHELL='/bin/sh'
SHLIB_DL_SUFFIX_NAME='so'
SHLIB_SUFFIX_NAME='dylib'
STRIP='strip'
ac_ct_CC='cc'
bindir='${exec_prefix}/bin'
build='x86_64-apple-darwin15.0.0'
build_alias=''
build_cpu='x86_64'
build_os='darwin15.0.0'
build_vendor='apple'
datadir='${datarootdir}'
datarootdir='${prefix}/share'
docdir='${datarootdir}/doc/${PACKAGE}'
dvidir='${docdir}'
exec_prefix='$(prefix)'
host='x86_64-apple-darwin15.0.0'
host_alias='x86_64-apple-darwin15.0.0'
host_cpu='x86_64'
host_os='darwin15.0.0'
host_vendor='apple'
htmldir='${docdir}'
includedir='${prefix}/include'
infodir='${datarootdir}/info'
libdir='${exec_prefix}/lib'
libexecdir='${exec_prefix}/libexec'
localedir='${datarootdir}/locale'
localstatedir='${prefix}/var'
mandir='${datarootdir}/man'
oldincludedir='/usr/include'
pdfdir='${docdir}'
prefix='/usr/local'
program_transform_name='s,x,x,'
psdir='${docdir}'
sbindir='${exec_prefix}/sbin'
sharedstatedir='${prefix}/com'
sysconfdir='${prefix}/etc'
target='x86_64-apple-darwin15.0.0'
target_alias=''
target_cpu='x86_64'
target_os='darwin15.0.0'
target_vendor='apple'

## ----------- ##
## confdefs.h. ##
## ----------- ##

/* confdefs.h */
#define PACKAGE_NAME ""
#define PACKAGE_TARNAME ""
#define PACKAGE_VERSION ""
#define PACKAGE_STRING ""
#define PACKAGE_BUGREPORT ""
#define PACKAGE_URL ""
#define COMPILE_DL_OPENSSL 1
#define HAVE_OPENSSL_EXT 1
#define STDC_HEADERS 1
#define HAVE_SYS_TYPES_H 1
#define HAVE_SYS_STAT_H 1
#define HAVE_STDLIB_H 1
#define HAVE_STRING_H 1
#define HAVE_MEMORY_H 1
#define HAVE_STRINGS_H 1
#define HAVE_INTTYPES_H 1
#define HAVE_STDINT_H 1
#define HAVE_UNISTD_H 1
#define HAVE_DLFCN_H 1

configure: exit 0
