This file contains any messages produced by compilers while
running configure, to aid debugging if configure makes a mistake.

It was created by configure, which was
generated by GNU Autoconf 2.69.  Invocation command line was

  $ ./configure --with-php-config=/usr/local/php/man/man1/php-config.1 -with-php-config=/usr/local/bin/php-config

## --------- ##
## Platform. ##
## --------- ##

hostname = localhost
uname -m = x86_64
uname -r = 15.0.0
uname -s = Darwin
uname -v = Darwin Kernel Version 15.0.0: Sat Sep 19 15:53:46 PDT 2015; root:xnu-3247.10.11~1/RELEASE_X86_64

/usr/bin/uname -p = i386
/bin/uname -X     = unknown

/bin/arch              = unknown
/usr/bin/arch -k       = unknown
/usr/convex/getsysinfo = unknown
/usr/bin/hostinfo      = Mach kernel version:
	 Darwin Kernel Version 15.0.0: Sat Sep 19 15:53:46 PDT 2015; root:xnu-3247.10.11~1/RELEASE_X86_64
Kernel configured for up to 4 processors.
2 processors are physically available.
4 processors are logically available.
Processor type: x86_64h (Intel x86-64h Haswell)
Processors active: 0 1 2 3
Primary memory available: 8.00 gigabytes
Default processor set: 268 tasks, 1389 threads, 4 processors
Load average: 1.26, Mach factor: 2.73
/bin/machine           = unknown
/usr/bin/oslevel       = unknown
/bin/universe          = unknown

PATH: /Users/didi/.rvm/gems/ruby-2.4.1/bin
PATH: /Users/didi/.rvm/gems/ruby-2.4.1@global/bin
PATH: /Users/didi/.rvm/rubies/ruby-2.4.1/bin
PATH: /Users/didi/CRClientTools/arcanist/bin
PATH: /usr/local/opt/bison/bin
PATH: /Users/didi/java/gradle/bin
PATH: /usr/local/opt/php@7.0/bin
PATH: /Users/didi/goLang/bin
PATH: /Users/didi/blog/jekyll
PATH: /Users/didi/pear/bin
PATH:  /usr/local/Cellar/curl/7.55.1/bin
PATH: /Users/didi/pig/pig/bin
PATH: /Users/didi/hbase/hbase/bin
PATH: /Users/didi/.rvm/rubies/ruby-2.4.1/bin
PATH: /usr/local/bin
PATH: /usr/bin
PATH: /bin
PATH: /usr/sbin
PATH: /sbin
PATH: /usr/local/go/bin
PATH: /usr/local/Cellar/gv/3.7.4
PATH: /Users/didi/goLang
PATH: /Users/didi/PhpstormProjects/go
PATH: /Users/didi/goLang/src/github.com/lantern/archive/bin
PATH: /usr/local/go/pkg/tool/darwin_amd64/
PATH: /usr/local/lib/python2.7/site-packages/
PATH: /Users/didi/jupyter/ticket/
PATH: /Users/didi/scala/bin
PATH: /Users/didi/spark/spark/bin
PATH: /Library/Internet Plug-Ins/JavaAppletPlugin.plugin/Contents/Home/bin
PATH: /Library/Java/JavaVirtualMachines/jdk1.8.0_144.jdk/Contents/Home//bin
PATH: /Users/didi/.composer/vendor/bin
PATH: /Users/didi/hadoop/hadoop/bin
PATH: /Users/didi/hadoop/hadoop/sbin
PATH: /Users/didi/hive/hive/bin
PATH: /Users/didi/hive/derby/bin
PATH: /Users/didi/maven/bin
PATH: /Users/didi/.rvm/bin
PATH: /Users/didi/goLang/FlameGraph


## ----------- ##
## Core tests. ##
## ----------- ##

configure:2543: checking for grep that handles long lines and -e
configure:2601: result: /usr/bin/grep
configure:2606: checking for egrep
configure:2668: result: /usr/bin/grep -E
configure:2673: checking for a sed that does not truncate output
configure:2727: result: /usr/bin/sed
configure:2866: checking for cc
configure:2882: found /usr/bin/cc
configure:2893: result: cc
configure:2924: checking for C compiler version
configure:2933: cc --version >&5
Apple LLVM version 7.3.0 (clang-703.0.31)
Target: x86_64-apple-darwin15.0.0
Thread model: posix
InstalledDir: /Library/Developer/CommandLineTools/usr/bin
configure:2944: $? = 0
configure:2933: cc -v >&5
Apple LLVM version 7.3.0 (clang-703.0.31)
Target: x86_64-apple-darwin15.0.0
Thread model: posix
InstalledDir: /Library/Developer/CommandLineTools/usr/bin
configure:2944: $? = 0
configure:2933: cc -V >&5
clang: error: argument to '-V' is missing (expected 1 value)
clang: error: no input files
configure:2944: $? = 1
configure:2933: cc -qversion >&5
clang: error: unknown argument: '-qversion'
clang: error: no input files
configure:2944: $? = 1
configure:2964: checking whether the C compiler works
configure:2986: cc    conftest.c  >&5
configure:2990: $? = 0
configure:3038: result: yes
configure:3041: checking for C compiler default output file name
configure:3043: result: a.out
configure:3049: checking for suffix of executables
configure:3056: cc -o conftest    conftest.c  >&5
configure:3060: $? = 0
configure:3082: result: 
configure:3104: checking whether we are cross compiling
configure:3112: cc -o conftest    conftest.c  >&5
configure:3116: $? = 0
configure:3123: ./conftest
configure:3127: $? = 0
configure:3142: result: no
configure:3147: checking for suffix of object files
configure:3169: cc -c   conftest.c >&5
configure:3173: $? = 0
configure:3194: result: o
configure:3198: checking whether we are using the GNU C compiler
configure:3217: cc -c   conftest.c >&5
configure:3217: $? = 0
configure:3226: result: yes
configure:3235: checking whether cc accepts -g
configure:3255: cc -c -g  conftest.c >&5
configure:3255: $? = 0
configure:3296: result: yes
configure:3313: checking for cc option to accept ISO C89
configure:3376: cc  -c -g -O2  conftest.c >&5
configure:3376: $? = 0
configure:3389: result: none needed
configure:3415: checking how to run the C preprocessor
configure:3446: cc -E  conftest.c
configure:3446: $? = 0
configure:3460: cc -E  conftest.c
conftest.c:9:10: fatal error: 'ac_nonexistent.h' file not found
#include <ac_nonexistent.h>
         ^
1 error generated.
configure:3460: $? = 1
configure: failed program was:
| /* confdefs.h */
| #define PACKAGE_NAME ""
| #define PACKAGE_TARNAME ""
| #define PACKAGE_VERSION ""
| #define PACKAGE_STRING ""
| #define PACKAGE_BUGREPORT ""
| #define PACKAGE_URL ""
| /* end confdefs.h.  */
| #include <ac_nonexistent.h>
configure:3485: result: cc -E
configure:3505: cc -E  conftest.c
configure:3505: $? = 0
configure:3519: cc -E  conftest.c
conftest.c:9:10: fatal error: 'ac_nonexistent.h' file not found
#include <ac_nonexistent.h>
         ^
1 error generated.
configure:3519: $? = 1
configure: failed program was:
| /* confdefs.h */
| #define PACKAGE_NAME ""
| #define PACKAGE_TARNAME ""
| #define PACKAGE_VERSION ""
| #define PACKAGE_STRING ""
| #define PACKAGE_BUGREPORT ""
| #define PACKAGE_URL ""
| /* end confdefs.h.  */
| #include <ac_nonexistent.h>
configure:3550: checking for icc
configure:3559: result: no
configure:3573: checking for suncc
configure:3582: result: no
configure:3600: checking whether cc understands -c and -o together
configure:3628: cc -c conftest.c -o conftest2.o >&5
configure:3632: $? = 0
configure:3638: cc -c conftest.c -o conftest2.o >&5
configure:3642: $? = 0
configure:3697: result: yes
configure:3711: checking for system library directory
configure:3726: result: lib
configure:3733: checking if compiler supports -R
configure:3752: cc -o conftest -g -O2   conftest.c -R /usr/lib  >&5
warning: unknown remark option '-R' [-Wunknown-warning-option]
1 warning generated.
ld: can't map file, errno=22 file '/usr/lib' for architecture x86_64
clang: error: linker command failed with exit code 1 (use -v to see invocation)
configure:3752: $? = 1
configure: failed program was:
| /* confdefs.h */
| #define PACKAGE_NAME ""
| #define PACKAGE_TARNAME ""
| #define PACKAGE_VERSION ""
| #define PACKAGE_STRING ""
| #define PACKAGE_BUGREPORT ""
| #define PACKAGE_URL ""
| /* end confdefs.h.  */
| 
| int
| main ()
| {
| 
|   ;
|   return 0;
| }
configure:3762: result: no
configure:3767: checking if compiler supports -Wl,-rpath,
configure:3786: cc -o conftest -g -O2   conftest.c -Wl,-rpath,/usr/lib  >&5
configure:3786: $? = 0
configure:3796: result: yes
configure:3841: checking build system type
configure:3855: result: x86_64-apple-darwin15.0.0
configure:3875: checking host system type
configure:3888: result: x86_64-apple-darwin15.0.0
configure:3908: checking target system type
configure:3921: result: x86_64-apple-darwin15.0.0
configure:4024: checking for PHP prefix
configure:4026: result: /usr/local
configure:4028: checking for PHP includes
configure:4030: result: -I/usr/local/include/php -I/usr/local/include/php/main -I/usr/local/include/php/TSRM -I/usr/local/include/php/Zend -I/usr/local/include/php/ext -I/usr/local/include/php/ext/date/lib
configure:4032: checking for PHP extension directory
configure:4034: result: /usr/local/lib/php/extensions/debug-non-zts-20160303
configure:4036: checking for PHP installed headers prefix
configure:4038: result: /usr/local/include/php
configure:4041: checking if debug is enabled
configure:4067: result: yes
configure:4070: checking if zts is enabled
configure:4096: result: no
configure:4167: checking for re2c
configure:4197: result: no
configure:4222: WARNING: You will need re2c 0.13.4 or later if you want to regenerate PHP parsers.
configure:4236: checking for gawk
configure:4267: result: no
configure:4236: checking for nawk
configure:4267: result: no
configure:4236: checking for awk
configure:4253: found /usr/bin/awk
configure:4264: result: awk
configure:4287: checking if awk is broken
configure:4294: result: no
configure:4329: checking whether to enable multibyte string support
configure:4368: result: yes, shared
configure:4377: checking whether to enable multibyte regex support
configure:4391: result: yes
configure:4400: checking whether to check multibyte regex backtrack
configure:4414: result: yes
configure:4423: checking for external libmbfl
configure:4438: result: no
configure:4447: checking for external oniguruma
configure:4462: result: no
configure:4478: checking for ANSI C header files
configure:4498: cc -c -g  -O0  conftest.c >&5
configure:4498: $? = 0
configure:4571: cc -o conftest -g  -O0   conftest.c  >&5
configure:4571: $? = 0
configure:4571: ./conftest
configure:4571: $? = 0
configure:4582: result: yes
configure:4595: checking for sys/types.h
configure:4595: cc -c -g  -O0  conftest.c >&5
configure:4595: $? = 0
configure:4595: result: yes
configure:4595: checking for sys/stat.h
configure:4595: cc -c -g  -O0  conftest.c >&5
configure:4595: $? = 0
configure:4595: result: yes
configure:4595: checking for stdlib.h
configure:4595: cc -c -g  -O0  conftest.c >&5
configure:4595: $? = 0
configure:4595: result: yes
configure:4595: checking for string.h
configure:4595: cc -c -g  -O0  conftest.c >&5
configure:4595: $? = 0
configure:4595: result: yes
configure:4595: checking for memory.h
configure:4595: cc -c -g  -O0  conftest.c >&5
configure:4595: $? = 0
configure:4595: result: yes
configure:4595: checking for strings.h
configure:4595: cc -c -g  -O0  conftest.c >&5
configure:4595: $? = 0
configure:4595: result: yes
configure:4595: checking for inttypes.h
configure:4595: cc -c -g  -O0  conftest.c >&5
configure:4595: $? = 0
configure:4595: result: yes
configure:4595: checking for stdint.h
configure:4595: cc -c -g  -O0  conftest.c >&5
configure:4595: $? = 0
configure:4595: result: yes
configure:4595: checking for unistd.h
configure:4595: cc -c -g  -O0  conftest.c >&5
configure:4595: $? = 0
configure:4595: result: yes
configure:4607: checking for size_t
configure:4607: cc -c -g  -O0  conftest.c >&5
configure:4607: $? = 0
configure:4607: cc -c -g  -O0  conftest.c >&5
conftest.c:56:21: error: expected expression
if (sizeof ((size_t)))
                    ^
1 error generated.
configure:4607: $? = 1
configure: failed program was:
| /* confdefs.h */
| #define PACKAGE_NAME ""
| #define PACKAGE_TARNAME ""
| #define PACKAGE_VERSION ""
| #define PACKAGE_STRING ""
| #define PACKAGE_BUGREPORT ""
| #define PACKAGE_URL ""
| #define HAVE_MBSTRING 1
| #define STDC_HEADERS 1
| #define HAVE_SYS_TYPES_H 1
| #define HAVE_SYS_STAT_H 1
| #define HAVE_STDLIB_H 1
| #define HAVE_STRING_H 1
| #define HAVE_MEMORY_H 1
| #define HAVE_STRINGS_H 1
| #define HAVE_INTTYPES_H 1
| #define HAVE_STDINT_H 1
| #define HAVE_UNISTD_H 1
| /* end confdefs.h.  */
| #include <stdio.h>
| #ifdef HAVE_SYS_TYPES_H
| # include <sys/types.h>
| #endif
| #ifdef HAVE_SYS_STAT_H
| # include <sys/stat.h>
| #endif
| #ifdef STDC_HEADERS
| # include <stdlib.h>
| # include <stddef.h>
| #else
| # ifdef HAVE_STDLIB_H
| #  include <stdlib.h>
| # endif
| #endif
| #ifdef HAVE_STRING_H
| # if !defined STDC_HEADERS && defined HAVE_MEMORY_H
| #  include <memory.h>
| # endif
| # include <string.h>
| #endif
| #ifdef HAVE_STRINGS_H
| # include <strings.h>
| #endif
| #ifdef HAVE_INTTYPES_H
| # include <inttypes.h>
| #endif
| #ifdef HAVE_STDINT_H
| # include <stdint.h>
| #endif
| #ifdef HAVE_UNISTD_H
| # include <unistd.h>
| #endif
| int
| main ()
| {
| if (sizeof ((size_t)))
| 	    return 0;
|   ;
|   return 0;
| }
configure:4607: result: yes
configure:4627: checking for variable length prototypes and stdarg.h
configure:4660: cc -o conftest -g  -O0   conftest.c  >&5
configure:4660: $? = 0
configure:4660: ./conftest
configure:4660: $? = 0
configure:4671: result: yes
configure:4677: checking for stdlib.h
configure:4677: result: yes
configure:4677: checking for string.h
configure:4677: result: yes
configure:4677: checking for strings.h
configure:4677: result: yes
configure:4677: checking for unistd.h
configure:4677: result: yes
configure:4677: checking sys/time.h usability
configure:4677: cc -c -g  -O0  conftest.c >&5
configure:4677: $? = 0
configure:4677: result: yes
configure:4677: checking sys/time.h presence
configure:4677: cc -E  conftest.c
configure:4677: $? = 0
configure:4677: result: yes
configure:4677: checking for sys/time.h
configure:4677: result: yes
configure:4677: checking sys/times.h usability
configure:4677: cc -c -g  -O0  conftest.c >&5
configure:4677: $? = 0
configure:4677: result: yes
configure:4677: checking sys/times.h presence
configure:4677: cc -E  conftest.c
configure:4677: $? = 0
configure:4677: result: yes
configure:4677: checking for sys/times.h
configure:4677: result: yes
configure:4677: checking stdarg.h usability
configure:4677: cc -c -g  -O0  conftest.c >&5
configure:4677: $? = 0
configure:4677: result: yes
configure:4677: checking stdarg.h presence
configure:4677: cc -E  conftest.c
configure:4677: $? = 0
configure:4677: result: yes
configure:4677: checking for stdarg.h
configure:4677: result: yes
configure:4691: checking size of int
configure:4696: cc -o conftest -g  -O0   conftest.c  >&5
configure:4696: $? = 0
configure:4696: ./conftest
configure:4696: $? = 0
configure:4710: result: 4
configure:4724: checking size of short
configure:4729: cc -o conftest -g  -O0   conftest.c  >&5
configure:4729: $? = 0
configure:4729: ./conftest
configure:4729: $? = 0
configure:4743: result: 2
configure:4757: checking size of long
configure:4762: cc -o conftest -g  -O0   conftest.c  >&5
configure:4762: $? = 0
configure:4762: ./conftest
configure:4762: $? = 0
configure:4776: result: 8
configure:4786: checking for an ANSI C-conforming const
configure:4852: cc -c -g  -O0  conftest.c >&5
configure:4852: $? = 0
configure:4859: result: yes
configure:4867: checking whether time.h and sys/time.h may both be included
configure:4887: cc -c -g  -O0  conftest.c >&5
configure:4887: $? = 0
configure:4894: result: yes
configure:4904: checking for working alloca.h
configure:4921: cc -o conftest -g  -O0   conftest.c  >&5
configure:4921: $? = 0
configure:4929: result: yes
configure:4937: checking for alloca
configure:4974: cc -o conftest -g  -O0   conftest.c  >&5
configure:4974: $? = 0
configure:4982: result: yes
configure:5088: checking for working memcmp
configure:5131: cc -o conftest -g  -O0   conftest.c  >&5
configure:5131: $? = 0
configure:5131: ./conftest
configure:5131: $? = 0
configure:5141: result: yes
configure:5150: checking for stdarg.h
configure:5150: result: yes
configure:6670: checking for ld used by cc
configure:6737: result: /Library/Developer/CommandLineTools/usr/bin/ld
configure:6744: checking if the linker (/Library/Developer/CommandLineTools/usr/bin/ld) is GNU ld
configure:6759: result: no
configure:6764: checking for /Library/Developer/CommandLineTools/usr/bin/ld option to reload object files
configure:6771: result: -r
configure:6789: checking for BSD-compatible nm
configure:6838: result: /usr/bin/nm -B
configure:6842: checking whether ln -s works
configure:6846: result: yes
configure:6853: checking how to recognize dependent libraries
configure:7039: result: pass_all
configure:7259: checking dlfcn.h usability
configure:7259: cc -c -g  -O0  conftest.c >&5
configure:7259: $? = 0
configure:7259: result: yes
configure:7259: checking dlfcn.h presence
configure:7259: cc -E  conftest.c
configure:7259: $? = 0
configure:7259: result: yes
configure:7259: checking for dlfcn.h
configure:7259: result: yes
configure:7281: checking the maximum length of command line arguments
configure:7393: result: 196608
configure:7405: checking command to parse /usr/bin/nm -B output from cc object
configure:7510: cc -c -g  -O0  conftest.c >&5
configure:7513: $? = 0
configure:7517: /usr/bin/nm -B conftest.o \| sed -n -e 's/^.*[ 	]\([BCDEGRST][BCDEGRST]*\)[ 	][ 	]*\([_A-Za-z][_A-Za-z0-9]*\)$/\1 \2 \2/p' \> conftest.nm
configure:7520: $? = 0
cannot find nm_test_var in conftest.nm
configure:7510: cc -c -g  -O0  conftest.c >&5
configure:7513: $? = 0
configure:7517: /usr/bin/nm -B conftest.o \| sed -n -e 's/^.*[ 	]\([BCDEGRST][BCDEGRST]*\)[ 	][ 	]*_\([_A-Za-z][_A-Za-z0-9]*\)$/\1 _\2 \2/p' \> conftest.nm
configure:7520: $? = 0
configure:7572: cc -o conftest -g  -O0   conftest.c conftstm.o >&5
warning: (x86_64)  could not find object file symbol for symbol _main
configure:7575: $? = 0
configure:7613: result: ok
configure:7617: checking for objdir
configure:7632: result: .libs
configure:7724: checking for ar
configure:7740: found /usr/bin/ar
configure:7751: result: ar
configure:7816: checking for ranlib
configure:7832: found /usr/bin/ranlib
configure:7843: result: ranlib
configure:7908: checking for strip
configure:7924: found /usr/bin/strip
configure:7935: result: strip
configure:8188: checking for dsymutil
configure:8204: found /usr/bin/dsymutil
configure:8215: result: dsymutil
configure:8280: checking for nmedit
configure:8296: found /usr/bin/nmedit
configure:8307: result: nmedit
configure:8330: checking for -single_module linker flag
configure:8351: result: yes
configure:8353: checking for -exported_symbols_list linker flag
configure:8369: cc -o conftest -g  -O0   -Wl,-exported_symbols_list,conftest.sym conftest.c  >&5
configure:8372: $? = 0
configure:8386: result: yes
configure:8504: checking if cc supports -fno-rtti -fno-exceptions
configure:8522: cc -c -g  -O0  -fno-rtti -fno-exceptions conftest.c >&5
configure:8526: $? = 0
configure:8539: result: yes
configure:8554: checking for cc option to produce PIC
configure:8794: result: -fno-common
configure:8802: checking if cc PIC flag -fno-common works
configure:8820: cc -c -g  -O0  -fno-common -DPIC conftest.c >&5
configure:8824: $? = 0
configure:8837: result: yes
configure:8865: checking if cc static flag -static works
configure:8893: result: no
configure:8903: checking if cc supports -c -o file.o
configure:8924: cc -c -g  -O0  -o out/conftest2.o conftest.c >&5
configure:8928: $? = 0
configure:8950: result: yes
configure:8976: checking whether the cc linker (/Library/Developer/CommandLineTools/usr/bin/ld) supports shared libraries
configure:9904: result: yes
configure:9971: checking dynamic linker characteristics
configure:10569: result: darwin15.0.0 dyld
configure:10593: checking how to hardcode library paths into programs
configure:10618: result: immediate
configure:10632: checking whether stripping libraries is possible
configure:10646: result: yes
configure:11154: checking if libtool supports shared libraries
configure:11156: result: yes
configure:11159: checking whether to build shared libraries
configure:11180: result: yes
configure:11183: checking whether to build static libraries
configure:11187: result: no
configure:11282: result:
creating libtool
configure:14981: creating ./config.status

## ---------------------- ##
## Running config.status. ##
## ---------------------- ##

This file was extended by config.status, which was
generated by GNU Autoconf 2.69.  Invocation command line was

  CONFIG_FILES    = 
  CONFIG_HEADERS  = 
  CONFIG_LINKS    = 
  CONFIG_COMMANDS = 
  $ ./config.status 

on localhost

config.status:695: creating config.h

## ---------------- ##
## Cache variables. ##
## ---------------- ##

ac_cv_build=x86_64-apple-darwin15.0.0
ac_cv_c_compiler_gnu=yes
ac_cv_c_const=yes
ac_cv_env_CC_set=
ac_cv_env_CC_value=
ac_cv_env_CFLAGS_set=
ac_cv_env_CFLAGS_value=
ac_cv_env_CPPFLAGS_set=
ac_cv_env_CPPFLAGS_value=
ac_cv_env_CPP_set=
ac_cv_env_CPP_value=
ac_cv_env_LDFLAGS_set=
ac_cv_env_LDFLAGS_value=
ac_cv_env_LIBS_set=
ac_cv_env_LIBS_value=
ac_cv_env_build_alias_set=
ac_cv_env_build_alias_value=
ac_cv_env_host_alias_set=
ac_cv_env_host_alias_value=
ac_cv_env_target_alias_set=
ac_cv_env_target_alias_value=
ac_cv_func_alloca_works=yes
ac_cv_func_memcmp_working=yes
ac_cv_header_dlfcn_h=yes
ac_cv_header_inttypes_h=yes
ac_cv_header_memory_h=yes
ac_cv_header_stdarg_h=yes
ac_cv_header_stdc=yes
ac_cv_header_stdint_h=yes
ac_cv_header_stdlib_h=yes
ac_cv_header_string_h=yes
ac_cv_header_strings_h=yes
ac_cv_header_sys_stat_h=yes
ac_cv_header_sys_time_h=yes
ac_cv_header_sys_times_h=yes
ac_cv_header_sys_types_h=yes
ac_cv_header_time=yes
ac_cv_header_unistd_h=yes
ac_cv_host=x86_64-apple-darwin15.0.0
ac_cv_objext=o
ac_cv_path_EGREP='/usr/bin/grep -E'
ac_cv_path_GREP=/usr/bin/grep
ac_cv_prog_AWK=awk
ac_cv_prog_CPP='cc -E'
ac_cv_prog_ac_ct_AR=ar
ac_cv_prog_ac_ct_CC=cc
ac_cv_prog_ac_ct_DSYMUTIL=dsymutil
ac_cv_prog_ac_ct_NMEDIT=nmedit
ac_cv_prog_ac_ct_RANLIB=ranlib
ac_cv_prog_ac_ct_STRIP=strip
ac_cv_prog_cc_c89=
ac_cv_prog_cc_cc_c_o=yes
ac_cv_prog_cc_g=yes
ac_cv_sizeof_int=4
ac_cv_sizeof_long=8
ac_cv_sizeof_short=2
ac_cv_target=x86_64-apple-darwin15.0.0
ac_cv_type_size_t=yes
ac_cv_working_alloca_h=yes
lt_cv_apple_cc_single_mod=yes
lt_cv_deplibs_check_method=pass_all
lt_cv_file_magic_cmd='$MAGIC_CMD'
lt_cv_file_magic_test_file=
lt_cv_ld_exported_symbols_list=yes
lt_cv_ld_reload_flag=-r
lt_cv_objdir=.libs
lt_cv_path_LD=/Library/Developer/CommandLineTools/usr/bin/ld
lt_cv_path_NM='/usr/bin/nm -B'
lt_cv_path_SED=/usr/bin/sed
lt_cv_prog_compiler_c_o=yes
lt_cv_prog_compiler_pic_works=yes
lt_cv_prog_compiler_rtti_exceptions=yes
lt_cv_prog_compiler_static_works=no
lt_cv_prog_gnu_ld=no
lt_cv_sys_global_symbol_pipe='sed -n -e '\''s/^.*[ 	]\([BCDEGRST][BCDEGRST]*\)[ 	][ 	]*_\([_A-Za-z][_A-Za-z0-9]*\)$/\1 _\2 \2/p'\'''
lt_cv_sys_global_symbol_to_c_name_address='sed -n -e '\''s/^: \([^ ]*\) $/  {\"\1\", (lt_ptr) 0},/p'\'' -e '\''s/^[BCDEGRST] \([^ ]*\) \([^ ]*\)$/  {"\2", (lt_ptr) \&\2},/p'\'''
lt_cv_sys_global_symbol_to_cdecl='sed -n -e '\''s/^. .* \(.*\)$/extern int \1;/p'\'''
lt_cv_sys_lib_dlsearch_path_spec='/usr/local/lib /lib /usr/lib'
lt_cv_sys_lib_search_path_spec='/Library/Developer/CommandLineTools/usr/lib/clang/7.3.0 /usr/local/lib'
lt_cv_sys_max_cmd_len=196608
lt_lt_cv_prog_compiler_c_o='"yes"'
lt_lt_cv_sys_global_symbol_pipe='"sed -n -e '\''s/^.*[ 	]\\([BCDEGRST][BCDEGRST]*\\)[ 	][ 	]*_\\([_A-Za-z][_A-Za-z0-9]*\\)\$/\\1 _\\2 \\2/p'\''"'
lt_lt_cv_sys_global_symbol_to_c_name_address='"sed -n -e '\''s/^: \\([^ ]*\\) \$/  {\\\"\\1\\\", (lt_ptr) 0},/p'\'' -e '\''s/^[BCDEGRST] \\([^ ]*\\) \\([^ ]*\\)\$/  {\"\\2\", (lt_ptr) \\&\\2},/p'\''"'
lt_lt_cv_sys_global_symbol_to_cdecl='"sed -n -e '\''s/^. .* \\(.*\\)\$/extern int \\1;/p'\''"'
php_cv_cc_dashr=no
php_cv_cc_rpath=yes
php_cv_mbstring_stdarg=yes

## ----------------- ##
## Output variables. ##
## ----------------- ##

ALLOCA=''
AR='ar'
AWK='awk'
CC='cc'
CFLAGS='-g  -O0'
CONFIGURE_COMMAND=' '\''./configure'\''  '\''--with-php-config=/usr/local/php/man/man1/php-config.1'\'' '\''-with-php-config=/usr/local/bin/php-config'\'''
CONFIGURE_OPTIONS=' '\''--with-php-config=/usr/local/php/man/man1/php-config.1'\'' '\''-with-php-config=/usr/local/bin/php-config'\'''
CPP='cc -E'
CPPFLAGS=' -DHAVE_CONFIG_H'
DEFS='-DHAVE_CONFIG_H'
DSYMUTIL='dsymutil'
ECHO='/bin/echo'
ECHO_C='\c'
ECHO_N=''
ECHO_T=''
EGREP='/usr/bin/grep -E'
EXEEXT=''
GREP='/usr/bin/grep'
LDFLAGS=''
LIBOBJS=''
LIBS=''
LIBTOOL='$(SHELL) $(top_builddir)/libtool'
LN_S='ln -s'
LTLIBOBJS=''
NMEDIT='nmedit'
OBJEXT='o'
PACKAGE_BUGREPORT=''
PACKAGE_NAME=''
PACKAGE_STRING=''
PACKAGE_TARNAME=''
PACKAGE_URL=''
PACKAGE_VERSION=''
PATH_SEPARATOR=':'
RANLIB='ranlib'
RE2C='exit 0;'
SED='/usr/bin/sed'
SHELL='/bin/sh'
SHLIB_DL_SUFFIX_NAME='so'
SHLIB_SUFFIX_NAME='dylib'
STRIP='strip'
ac_ct_CC='cc'
bindir='${exec_prefix}/bin'
build='x86_64-apple-darwin15.0.0'
build_alias=''
build_cpu='x86_64'
build_os='darwin15.0.0'
build_vendor='apple'
datadir='${datarootdir}'
datarootdir='${prefix}/share'
docdir='${datarootdir}/doc/${PACKAGE}'
dvidir='${docdir}'
exec_prefix='$(prefix)'
host='x86_64-apple-darwin15.0.0'
host_alias='x86_64-apple-darwin15.0.0'
host_cpu='x86_64'
host_os='darwin15.0.0'
host_vendor='apple'
htmldir='${docdir}'
includedir='${prefix}/include'
infodir='${datarootdir}/info'
libdir='${exec_prefix}/lib'
libexecdir='${exec_prefix}/libexec'
localedir='${datarootdir}/locale'
localstatedir='${prefix}/var'
mandir='${datarootdir}/man'
oldincludedir='/usr/include'
pdfdir='${docdir}'
prefix='/usr/local'
program_transform_name='s,x,x,'
psdir='${docdir}'
sbindir='${exec_prefix}/sbin'
sharedstatedir='${prefix}/com'
sysconfdir='${prefix}/etc'
target='x86_64-apple-darwin15.0.0'
target_alias=''
target_cpu='x86_64'
target_os='darwin15.0.0'
target_vendor='apple'

## ----------- ##
## confdefs.h. ##
## ----------- ##

/* confdefs.h */
#define PACKAGE_NAME ""
#define PACKAGE_TARNAME ""
#define PACKAGE_VERSION ""
#define PACKAGE_STRING ""
#define PACKAGE_BUGREPORT ""
#define PACKAGE_URL ""
#define HAVE_MBSTRING 1
#define STDC_HEADERS 1
#define HAVE_SYS_TYPES_H 1
#define HAVE_SYS_STAT_H 1
#define HAVE_STDLIB_H 1
#define HAVE_STRING_H 1
#define HAVE_MEMORY_H 1
#define HAVE_STRINGS_H 1
#define HAVE_INTTYPES_H 1
#define HAVE_STDINT_H 1
#define HAVE_UNISTD_H 1
#define USE_COMBINATION_EXPLOSION_CHECK 1
#define HAVE_STDLIB_H 1
#define HAVE_STRING_H 1
#define HAVE_STRINGS_H 1
#define HAVE_UNISTD_H 1
#define HAVE_SYS_TIME_H 1
#define HAVE_SYS_TIMES_H 1
#define HAVE_STDARG_H 1
#define SIZEOF_INT 4
#define SIZEOF_SHORT 2
#define SIZEOF_LONG 8
#define TIME_WITH_SYS_TIME 1
#define HAVE_ALLOCA_H 1
#define HAVE_ALLOCA 1
#define HAVE_STDARG_PROTOTYPES 1
#define PHP_ONIG_BUNDLED 1
#define HAVE_ONIG 1
#define HAVE_MBREGEX 1
#define COMPILE_DL_MBSTRING 1
#define HAVE_DLFCN_H 1

configure: exit 0
